rsync error: received SIGINT, SIGTERM, or SIGHUP (code 20) at /AppleInternal/Library/BuildRoots/d9889869-120b-11ee-b796-7a03568b17ac/Library/Caches/com.apple.xbs/Sources/rsync/rsync/rsync.c(244) [sender=2.6.9]
rsync: writefd_unbuffered failed to write 6002 bytes [sender]: Broken pipe (32)
rsync: close failed on "/Volumes/users-eric-jacobson/_/": Operation timed out (60)
rsync error: error in file IO (code 11) at /AppleInternal/Library/BuildRoots/d9889869-120b-11ee-b796-7a03568b17ac/Library/Caches/com.apple.xbs/Sources/rsync/rsync/receiver.c(674) [receiver=2.6.9]
rsync: connection unexpectedly closed (1198818 bytes received so far) [sender]
rsync error: error in rsync protocol data stream (code 12) at /AppleInternal/Library/BuildRoots/d9889869-120b-11ee-b796-7a03568b17ac/Library/Caches/com.apple.xbs/Sources/rsync/rsync/io.c(453) [sender=2.6.9]
rsync: readdir("/Volumes/users-eric-jacobson/_/data/aws/article/80/b0"): RPC struct is bad (72)
rsync error: some files could not be transferred (code 23) at /AppleInternal/Library/BuildRoots/d9889869-120b-11ee-b796-7a03568b17ac/Library/Caches/com.apple.xbs/Sources/rsync/rsync/main.c(996) [sender=2.6.9]
rsync: readdir("/Volumes/users-eric-jacobson/_/data/aws/article/8a/54"): RPC struct is bad (72)
rsync error: some files could not be transferred (code 23) at /AppleInternal/Library/BuildRoots/d9889869-120b-11ee-b796-7a03568b17ac/Library/Caches/com.apple.xbs/Sources/rsync/rsync/main.c(996) [sender=2.6.9]
rsync: readdir("/Volumes/users-eric-jacobson/_/data/aws/article/fb/33"): RPC struct is bad (72)
rsync error: some files could not be transferred (code 23) at /AppleInternal/Library/BuildRoots/d9889869-120b-11ee-b796-7a03568b17ac/Library/Caches/com.apple.xbs/Sources/rsync/rsync/main.c(996) [sender=2.6.9]
rsync error: received SIGINT, SIGTERM, or SIGHUP (code 20) at /AppleInternal/Library/BuildRoots/d9889869-120b-11ee-b796-7a03568b17ac/Library/Caches/com.apple.xbs/Sources/rsync/rsync/rsync.c(244) [sender=2.6.9]
rsync: readdir("/Volumes/users-eric-jacobson/_/data/aws/article/dd/18"): RPC struct is bad (72)
rsync error: some files could not be transferred (code 23) at /AppleInternal/Library/BuildRoots/d9889869-120b-11ee-b796-7a03568b17ac/Library/Caches/com.apple.xbs/Sources/rsync/rsync/main.c(996) [sender=2.6.9]
rsync: readdir("/Volumes/users-eric-jacobson/_/data/aws/article/0d/5d"): RPC struct is bad (72)
rsync error: some files could not be transferred (code 23) at /AppleInternal/Library/BuildRoots/d9889869-120b-11ee-b796-7a03568b17ac/Library/Caches/com.apple.xbs/Sources/rsync/rsync/main.c(996) [sender=2.6.9]
rsync: readdir("/Volumes/users-eric-jacobson/_/data/aws/article/ca/33"): RPC struct is bad (72)
rsync error: some files could not be transferred (code 23) at /AppleInternal/Library/BuildRoots/d9889869-120b-11ee-b796-7a03568b17ac/Library/Caches/com.apple.xbs/Sources/rsync/rsync/main.c(996) [sender=2.6.9]
rsync: readdir("/Volumes/users-eric-jacobson/_/data/aws/article/7e/6a"): RPC struct is bad (72)
rsync error: some files could not be transferred (code 23) at /AppleInternal/Library/BuildRoots/d9889869-120b-11ee-b796-7a03568b17ac/Library/Caches/com.apple.xbs/Sources/rsync/rsync/main.c(996) [sender=2.6.9]
rsync: readdir("/Volumes/users-eric-jacobson/_/data/aws/article/80/b0"): RPC struct is bad (72)
rsync error: some files could not be transferred (code 23) at /AppleInternal/Library/BuildRoots/d9889869-120b-11ee-b796-7a03568b17ac/Library/Caches/com.apple.xbs/Sources/rsync/rsync/main.c(996) [sender=2.6.9]
rsync: readdir("/Volumes/users-eric-jacobson/_/data/aws/article/5a/0d"): RPC struct is bad (72)
rsync error: some files could not be transferred (code 23) at /AppleInternal/Library/BuildRoots/d9889869-120b-11ee-b796-7a03568b17ac/Library/Caches/com.apple.xbs/Sources/rsync/rsync/main.c(996) [sender=2.6.9]
rsync: readdir("/Volumes/users-eric-jacobson/_/data/aws/article/bd/f4"): RPC struct is bad (72)
rsync error: some files could not be transferred (code 23) at /AppleInternal/Library/BuildRoots/d9889869-120b-11ee-b796-7a03568b17ac/Library/Caches/com.apple.xbs/Sources/rsync/rsync/main.c(996) [sender=2.6.9]
rsync: readdir("/Volumes/users-eric-jacobson/_/data/aws/article/29/54"): RPC struct is bad (72)
rsync error: some files could not be transferred (code 23) at /AppleInternal/Library/BuildRoots/d9889869-120b-11ee-b796-7a03568b17ac/Library/Caches/com.apple.xbs/Sources/rsync/rsync/main.c(996) [sender=2.6.9]
rsync: readdir("/Volumes/users-eric-jacobson/_/data/aws/article/61/7f"): RPC struct is bad (72)
rsync error: some files could not be transferred (code 23) at /AppleInternal/Library/BuildRoots/d9889869-120b-11ee-b796-7a03568b17ac/Library/Caches/com.apple.xbs/Sources/rsync/rsync/main.c(996) [sender=2.6.9]
rsync: readdir("/Volumes/users-eric-jacobson/_/data/aws/article/0f/11"): RPC struct is bad (72)
rsync error: some files could not be transferred (code 23) at /AppleInternal/Library/BuildRoots/d9889869-120b-11ee-b796-7a03568b17ac/Library/Caches/com.apple.xbs/Sources/rsync/rsync/main.c(996) [sender=2.6.9]
rsync: recv_generator: mkdir "/Volumes/users-eric-jacobson/_/data/aws/article/21/9d" failed: Socket is not connected (57)
*** Skipping everything below this failed directory ***
rsync: recv_generator: mkdir "/Volumes/users-eric-jacobson/_/data/aws/article/21/9e" failed: Socket is not connected (57)
*** Skipping everything below this failed directory ***
rsync: recv_generator: mkdir "/Volumes/users-eric-jacobson/_/data/aws/article/21/9f" failed: Socket is not connected (57)
*** Skipping everything below this failed directory ***
rsync: recv_generator: mkdir "/Volumes/users-eric-jacobson/_/data/aws/article/21/a0" failed: Socket is not connected (57)
*** Skipping everything below this failed directory ***
rsync: recv_generator: mkdir "/Volumes/users-eric-jacobson/_/data/aws/article/21/a1" failed: Socket is not connected (57)
*** Skipping everything below this failed directory ***
rsync: recv_generator: mkdir "/Volumes/users-eric-jacobson/_/data/aws/article/21/a2" failed: Socket is not connected (57)
*** Skipping everything below this failed directory ***
rsync: recv_generator: mkdir "/Volumes/users-eric-jacobson/_/data/aws/article/21/a3" failed: Socket is not connected (57)
*** Skipping everything below this failed directory ***
rsync: recv_generator: mkdir "/Volumes/users-eric-jacobson/_/data/aws/article/21/a4" failed: Socket is not connected (57)
*** Skipping everything below this failed directory ***
rsync: recv_generator: mkdir "/Volumes/users-eric-jacobson/_/data/aws/article/21/a5" failed: Socket is not connected (57)
*** Skipping everything below this failed directory ***
rsync: recv_generator: mkdir "/Volumes/users-eric-jacobson/_/data/aws/article/21/a6" failed: Socket is not connected (57)
*** Skipping everything below this failed directory ***
rsync: recv_generator: mkdir "/Volumes/users-eric-jacobson/_/data/aws/article/21/a7" failed: Socket is not connected (57)
*** Skipping everything below this failed directory ***
rsync: recv_generator: mkdir "/Volumes/users-eric-jacobson/_/data/aws/article/21/a8" failed: Socket is not connected (57)
*** Skipping everything below this failed directory ***
rsync: recv_generator: mkdir "/Volumes/users-eric-jacobson/_/data/aws/article/21/a9" failed: Socket is not connected (57)
*** Skipping everything below this failed directory ***
rsync: recv_generator: mkdir "/Volumes/users-eric-jacobson/_/data/aws/article/21/aa" failed: Socket is not connected (57)
*** Skipping everything below this failed directory ***
rsync: recv_generator: mkdir "/Volumes/users-eric-jacobson/_/data/aws/article/21/ab" failed: Socket is not connected (57)
*** Skipping everything below this failed directory ***
rsync: recv_generator: mkdir "/Volumes/users-eric-jacobson/_/data/aws/article/21/ac" failed: Socket is not connected (57)
*** Skipping everything below this failed directory ***
rsync: recv_generator: mkdir "/Volumes/users-eric-jacobson/_/data/aws/article/21/ad" failed: Socket is not connected (57)
*** Skipping everything below this failed directory ***
rsync: recv_generator: mkdir "/Volumes/users-eric-jacobson/_/data/aws/article/21/ae" failed: Socket is not connected (57)
*** Skipping everything below this failed directory ***
rsync: recv_generator: mkdir "/Volumes/users-eric-jacobson/_/data/aws/article/21/af" failed: Socket is not connected (57)
*** Skipping everything below this failed directory ***
rsync: recv_generator: mkdir "/Volumes/users-eric-jacobson/_/data/aws/article/21/b0" failed: Socket is not connected (57)
*** Skipping everything below this failed directory ***
rsync: recv_generator: mkdir "/Volumes/users-eric-jacobson/_/data/aws/article/21/b1" failed: Socket is not connected (57)
*** Skipping everything below this failed directory ***
rsync: recv_generator: mkdir "/Volumes/users-eric-jacobson/_/data/aws/article/21/b2" failed: Socket is not connected (57)
*** Skipping everything below this failed directory ***
rsync: recv_generator: mkdir "/Volumes/users-eric-jacobson/_/data/aws/article/21/b3" failed: Socket is not connected (57)
*** Skipping everything below this failed directory ***
rsync: recv_generator: mkdir "/Volumes/users-eric-jacobson/_/data/aws/article/21/b4" failed: Socket is not connected (57)
*** Skipping everything below this failed directory ***
rsync: recv_generator: mkdir "/Volumes/users-eric-jacobson/_/data/aws/article/21/b5" failed: Socket is not connected (57)
*** Skipping everything below this failed directory ***
rsync: recv_generator: mkdir "/Volumes/users-eric-jacobson/_/data/aws/article/21/b6" failed: Socket is not connected (57)
*** Skipping everything below this failed directory ***
rsync: recv_generator: mkdir "/Volumes/users-eric-jacobson/_/data/aws/article/21/b7" failed: Socket is not connected (57)
*** Skipping everything below this failed directory ***
rsync: recv_generator: mkdir "/Volumes/users-eric-jacobson/_/data/aws/article/21/b8" failed: Socket is not connected (57)
*** Skipping everything below this failed directory ***
rsync: recv_generator: mkdir "/Volumes/users-eric-jacobson/_/data/aws/article/21/b9" failed: Socket is not connected (57)
*** Skipping everything below this failed directory ***
rsync: recv_generator: mkdir "/Volumes/users-eric-jacobson/_/data/aws/article/21/ba" failed: Socket is not connected (57)
*** Skipping everything below this failed directory ***
rsync: recv_generator: mkdir "/Volumes/users-eric-jacobson/_/data/aws/article/21/bb" failed: Socket is not connected (57)
*** Skipping everything below this failed directory ***
rsync: recv_generator: mkdir "/Volumes/users-eric-jacobson/_/data/aws/article/21/bc" failed: Socket is not connected (57)
*** Skipping everything below this failed directory ***
rsync: recv_generator: mkdir "/Volumes/users-eric-jacobson/_/data/aws/article/21/bd" failed: Socket is not connected (57)
*** Skipping everything below this failed directory ***
rsync: recv_generator: mkdir "/Volumes/users-eric-jacobson/_/data/aws/article/21/be" failed: Socket is not connected (57)
*** Skipping everything below this failed directory ***
rsync: recv_generator: mkdir "/Volumes/users-eric-jacobson/_/data/aws/article/21/bf" failed: Socket is not connected (57)
*** Skipping everything below this failed directory ***
rsync: recv_generator: mkdir "/Volumes/users-eric-jacobson/_/data/aws/article/21/c0" failed: Socket is not connected (57)
*** Skipping everything below this failed directory ***
rsync: recv_generator: mkdir "/Volumes/users-eric-jacobson/_/data/aws/article/21/c1" failed: Socket is not connected (57)
*** Skipping everything below this failed directory ***
rsync: recv_generator: mkdir "/Volumes/users-eric-jacobson/_/data/aws/article/21/c2" failed: Socket is not connected (57)
*** Skipping everything below this failed directory ***
rsync: recv_generator: mkdir "/Volumes/users-eric-jacobson/_/data/aws/article/21/c3" failed: Socket is not connected (57)
*** Skipping everything below this failed directory ***
rsync: recv_generator: mkdir "/Volumes/users-eric-jacobson/_/data/aws/article/21/c4" failed: Socket is not connected (57)
*** Skipping everything below this failed directory ***
rsync: recv_generator: mkdir "/Volumes/users-eric-jacobson/_/data/aws/article/21/c5" failed: Socket is not connected (57)
*** Skipping everything below this failed directory ***
rsync: recv_generator: mkdir "/Volumes/users-eric-jacobson/_/data/aws/article/21/c6" failed: Socket is not connected (57)
*** Skipping everything below this failed directory ***
rsync: recv_generator: mkdir "/Volumes/users-eric-jacobson/_/data/aws/article/21/c7" failed: Socket is not connected (57)
*** Skipping everything below this failed directory ***
rsync: recv_generator: mkdir "/Volumes/users-eric-jacobson/_/data/aws/article/21/c8" failed: Socket is not connected (57)
*** Skipping everything below this failed directory ***
rsync: recv_generator: mkdir "/Volumes/users-eric-jacobson/_/data/aws/article/21/c9" failed: Socket is not connected (57)
*** Skipping everything below this failed directory ***
rsync: recv_generator: mkdir "/Volumes/users-eric-jacobson/_/data/aws/article/21/ca" failed: Socket is not connected (57)
*** Skipping everything below this failed directory ***
rsync: recv_generator: mkdir "/Volumes/users-eric-jacobson/_/data/aws/article/21/cb" failed: Socket is not connected (57)
*** Skipping everything below this failed directory ***
rsync: recv_generator: mkdir "/Volumes/users-eric-jacobson/_/data/aws/article/21/cc" failed: Socket is not connected (57)
*** Skipping everything below this failed directory ***
rsync: recv_generator: mkdir "/Volumes/users-eric-jacobson/_/data/aws/article/21/cd" failed: Socket is not connected (57)
*** Skipping everything below this failed directory ***
rsync: recv_generator: mkdir "/Volumes/users-eric-jacobson/_/data/aws/article/21/ce" failed: Socket is not connected (57)
*** Skipping everything below this failed directory ***
rsync: recv_generator: mkdir "/Volumes/users-eric-jacobson/_/data/aws/article/21/d0" failed: Socket is not connected (57)
*** Skipping everything below this failed directory ***
rsync: recv_generator: mkdir "/Volumes/users-eric-jacobson/_/data/aws/article/21/d1" failed: Socket is not connected (57)
*** Skipping everything below this failed directory ***
rsync: recv_generator: mkdir "/Volumes/users-eric-jacobson/_/data/aws/article/21/d3" failed: Socket is not connected (57)
*** Skipping everything below this failed directory ***
rsync: recv_generator: mkdir "/Volumes/users-eric-jacobson/_/data/aws/article/21/d4" failed: Socket is not connected (57)
*** Skipping everything below this failed directory ***
rsync: recv_generator: mkdir "/Volumes/users-eric-jacobson/_/data/aws/article/21/d5" failed: Socket is not connected (57)
*** Skipping everything below this failed directory ***
rsync: recv_generator: mkdir "/Volumes/users-eric-jacobson/_/data/aws/article/21/d6" failed: Socket is not connected (57)
*** Skipping everything below this failed directory ***
rsync: recv_generator: mkdir "/Volumes/users-eric-jacobson/_/data/aws/article/21/d7" failed: Socket is not connected (57)
*** Skipping everything below this failed directory ***
rsync: recv_generator: mkdir "/Volumes/users-eric-jacobson/_/data/aws/article/21/d8" failed: Socket is not connected (57)
*** Skipping everything below this failed directory ***
rsync: recv_generator: mkdir "/Volumes/users-eric-jacobson/_/data/aws/article/21/d9" failed: Socket is not connected (57)
*** Skipping everything below this failed directory ***
rsync: recv_generator: mkdir "/Volumes/users-eric-jacobson/_/data/aws/article/21/da" failed: Socket is not connected (57)
*** Skipping everything below this failed directory ***
rsync: recv_generator: mkdir "/Volumes/users-eric-jacobson/_/data/aws/article/21/db" failed: Socket is not connected (57)
*** Skipping everything below this failed directory ***
rsync: recv_generator: mkdir "/Volumes/users-eric-jacobson/_/data/aws/article/21/dc" failed: Socket is not connected (57)
*** Skipping everything below this failed directory ***
rsync: recv_generator: mkdir "/Volumes/users-eric-jacobson/_/data/aws/article/21/dd" failed: Socket is not connected (57)
*** Skipping everything below this failed directory ***
rsync: recv_generator: mkdir "/Volumes/users-eric-jacobson/_/data/aws/article/21/de" failed: Socket is not connected (57)
*** Skipping everything below this failed directory ***
rsync: recv_generator: mkdir "/Volumes/users-eric-jacobson/_/data/aws/article/21/df" failed: Socket is not connected (57)
*** Skipping everything below this failed directory ***
rsync: recv_generator: mkdir "/Volumes/users-eric-jacobson/_/data/aws/article/21/e0" failed: Socket is not connected (57)
*** Skipping everything below this failed directory ***
rsync: recv_generator: mkdir "/Volumes/users-eric-jacobson/_/data/aws/article/21/e1" failed: Socket is not connected (57)
*** Skipping everything below this failed directory ***
rsync: recv_generator: mkdir "/Volumes/users-eric-jacobson/_/data/aws/article/21/e2" failed: Socket is not connected (57)
*** Skipping everything below this failed directory ***
rsync: recv_generator: mkdir "/Volumes/users-eric-jacobson/_/data/aws/article/21/e3" failed: Socket is not connected (57)
*** Skipping everything below this failed directory ***
rsync: recv_generator: mkdir "/Volumes/users-eric-jacobson/_/data/aws/article/21/e4" failed: Socket is not connected (57)
*** Skipping everything below this failed directory ***
rsync: recv_generator: mkdir "/Volumes/users-eric-jacobson/_/data/aws/article/21/e5" failed: Socket is not connected (57)
*** Skipping everything below this failed directory ***
rsync: recv_generator: mkdir "/Volumes/users-eric-jacobson/_/data/aws/article/21/e6" failed: Socket is not connected (57)
*** Skipping everything below this failed directory ***
rsync: recv_generator: mkdir "/Volumes/users-eric-jacobson/_/data/aws/article/21/e7" failed: Socket is not connected (57)
*** Skipping everything below this failed directory ***
rsync: recv_generator: mkdir "/Volumes/users-eric-jacobson/_/data/aws/article/21/e8" failed: Socket is not connected (57)
*** Skipping everything below this failed directory ***
rsync: recv_generator: mkdir "/Volumes/users-eric-jacobson/_/data/aws/article/21/e9" failed: Socket is not connected (57)
*** Skipping everything below this failed directory ***
rsync: recv_generator: mkdir "/Volumes/users-eric-jacobson/_/data/aws/article/21/ea" failed: Socket is not connected (57)
*** Skipping everything below this failed directory ***
rsync: recv_generator: mkdir "/Volumes/users-eric-jacobson/_/data/aws/article/21/eb" failed: Socket is not connected (57)
*** Skipping everything below this failed directory ***
rsync: recv_generator: mkdir "/Volumes/users-eric-jacobson/_/data/aws/article/21/ec" failed: Socket is not connected (57)
*** Skipping everything below this failed directory ***
rsync: recv_generator: mkdir "/Volumes/users-eric-jacobson/_/data/aws/article/21/ed" failed: Socket is not connected (57)
*** Skipping everything below this failed directory ***
rsync: recv_generator: mkdir "/Volumes/users-eric-jacobson/_/data/aws/article/21/ee" failed: Socket is not connected (57)
*** Skipping everything below this failed directory ***
rsync: recv_generator: mkdir "/Volumes/users-eric-jacobson/_/data/aws/article/21/f0" failed: Socket is not connected (57)
*** Skipping everything below this failed directory ***
rsync: recv_generator: mkdir "/Volumes/users-eric-jacobson/_/data/aws/article/21/f1" failed: Socket is not connected (57)
*** Skipping everything below this failed directory ***
rsync: recv_generator: mkdir "/Volumes/users-eric-jacobson/_/data/aws/article/21/f2" failed: Socket is not connected (57)
*** Skipping everything below this failed directory ***
rsync: recv_generator: mkdir "/Volumes/users-eric-jacobson/_/data/aws/article/21/f3" failed: Socket is not connected (57)
*** Skipping everything below this failed directory ***
rsync: recv_generator: mkdir "/Volumes/users-eric-jacobson/_/data/aws/article/21/f4" failed: Socket is not connected (57)
*** Skipping everything below this failed directory ***
rsync: recv_generator: mkdir "/Volumes/users-eric-jacobson/_/data/aws/article/21/f5" failed: Socket is not connected (57)
*** Skipping everything below this failed directory ***
rsync: recv_generator: mkdir "/Volumes/users-eric-jacobson/_/data/aws/article/21/f6" failed: Socket is not connected (57)
*** Skipping everything below this failed directory ***
rsync: recv_generator: mkdir "/Volumes/users-eric-jacobson/_/data/aws/article/21/f7" failed: Socket is not connected (57)
*** Skipping everything below this failed directory ***
rsync: recv_generator: mkdir "/Volumes/users-eric-jacobson/_/data/aws/article/21/f8" failed: Socket is not connected (57)
*** Skipping everything below this failed directory ***
rsync: recv_generator: mkdir "/Volumes/users-eric-jacobson/_/data/aws/article/21/f9" failed: Socket is not connected (57)
*** Skipping everything below this failed directory ***
rsync: recv_generator: mkdir "/Volumes/users-eric-jacobson/_/data/aws/article/21/fa" failed: Socket is not connected (57)
*** Skipping everything below this failed directory ***
rsync: recv_generator: mkdir "/Volumes/users-eric-jacobson/_/data/aws/article/21/fb" failed: Socket is not connected (57)
*** Skipping everything below this failed directory ***
rsync: recv_generator: mkdir "/Volumes/users-eric-jacobson/_/data/aws/article/21/fc" failed: Socket is not connected (57)
*** Skipping everything below this failed directory ***
rsync: recv_generator: mkdir "/Volumes/users-eric-jacobson/_/data/aws/article/21/fd" failed: Socket is not connected (57)
*** Skipping everything below this failed directory ***
rsync: recv_generator: mkdir "/Volumes/users-eric-jacobson/_/data/aws/article/21/fe" failed: Socket is not connected (57)
*** Skipping everything below this failed directory ***
rsync: recv_generator: mkdir "/Volumes/users-eric-jacobson/_/data/aws/article/21/ff" failed: Socket is not connected (57)
*** Skipping everything below this failed directory ***
rsync: recv_generator: mkdir "/Volumes/users-eric-jacobson/_/data/aws/article/22" failed: Socket is not connected (57)
*** Skipping everything below this failed directory ***
rsync: recv_generator: mkdir "/Volumes/users-eric-jacobson/_/data/aws/article/23" failed: Socket is not connected (57)
*** Skipping everything below this failed directory ***
rsync: recv_generator: mkdir "/Volumes/users-eric-jacobson/_/data/aws/article/24" failed: Socket is not connected (57)
*** Skipping everything below this failed directory ***
rsync: recv_generator: mkdir "/Volumes/users-eric-jacobson/_/data/aws/article/25" failed: Socket is not connected (57)
*** Skipping everything below this failed directory ***
rsync: recv_generator: mkdir "/Volumes/users-eric-jacobson/_/data/aws/article/26" failed: Socket is not connected (57)
*** Skipping everything below this failed directory ***
rsync: recv_generator: mkdir "/Volumes/users-eric-jacobson/_/data/aws/article/27" failed: Socket is not connected (57)
*** Skipping everything below this failed directory ***
rsync: recv_generator: mkdir "/Volumes/users-eric-jacobson/_/data/aws/article/28" failed: Socket is not connected (57)
*** Skipping everything below this failed directory ***
rsync: recv_generator: mkdir "/Volumes/users-eric-jacobson/_/data/aws/article/29" failed: Socket is not connected (57)
*** Skipping everything below this failed directory ***
rsync: recv_generator: mkdir "/Volumes/users-eric-jacobson/_/data/aws/article/2a" failed: Socket is not connected (57)
*** Skipping everything below this failed directory ***
rsync: recv_generator: mkdir "/Volumes/users-eric-jacobson/_/data/aws/article/2b" failed: Socket is not connected (57)
*** Skipping everything below this failed directory ***
rsync: recv_generator: mkdir "/Volumes/users-eric-jacobson/_/data/aws/article/2c" failed: Socket is not connected (57)
*** Skipping everything below this failed directory ***
rsync: recv_generator: mkdir "/Volumes/users-eric-jacobson/_/data/aws/article/2d" failed: Socket is not connected (57)
*** Skipping everything below this failed directory ***
rsync: recv_generator: mkdir "/Volumes/users-eric-jacobson/_/data/aws/article/2e" failed: Socket is not connected (57)
*** Skipping everything below this failed directory ***
rsync: recv_generator: mkdir "/Volumes/users-eric-jacobson/_/data/aws/article/2f" failed: Socket is not connected (57)
*** Skipping everything below this failed directory ***
rsync: recv_generator: mkdir "/Volumes/users-eric-jacobson/_/data/aws/article/30" failed: Socket is not connected (57)
*** Skipping everything below this failed directory ***
rsync: recv_generator: mkdir "/Volumes/users-eric-jacobson/_/data/aws/article/31" failed: Socket is not connected (57)
*** Skipping everything below this failed directory ***
rsync: recv_generator: mkdir "/Volumes/users-eric-jacobson/_/data/aws/article/32" failed: Socket is not connected (57)
*** Skipping everything below this failed directory ***
rsync: recv_generator: mkdir "/Volumes/users-eric-jacobson/_/data/aws/article/33" failed: Socket is not connected (57)
*** Skipping everything below this failed directory ***
rsync: recv_generator: mkdir "/Volumes/users-eric-jacobson/_/data/aws/article/34" failed: Socket is not connected (57)
*** Skipping everything below this failed directory ***
rsync: recv_generator: mkdir "/Volumes/users-eric-jacobson/_/data/aws/article/35" failed: Socket is not connected (57)
*** Skipping everything below this failed directory ***
rsync: recv_generator: mkdir "/Volumes/users-eric-jacobson/_/data/aws/article/36" failed: Socket is not connected (57)
*** Skipping everything below this failed directory ***
rsync: recv_generator: mkdir "/Volumes/users-eric-jacobson/_/data/aws/article/37" failed: Socket is not connected (57)
*** Skipping everything below this failed directory ***
rsync: recv_generator: mkdir "/Volumes/users-eric-jacobson/_/data/aws/article/38" failed: Socket is not connected (57)
*** Skipping everything below this failed directory ***
rsync: recv_generator: mkdir "/Volumes/users-eric-jacobson/_/data/aws/article/39" failed: Socket is not connected (57)
*** Skipping everything below this failed directory ***
rsync: recv_generator: mkdir "/Volumes/users-eric-jacobson/_/data/aws/article/3a" failed: Socket is not connected (57)
*** Skipping everything below this failed directory ***
rsync: recv_generator: mkdir "/Volumes/users-eric-jacobson/_/data/aws/article/3b" failed: Socket is not connected (57)
*** Skipping everything below this failed directory ***
rsync: recv_generator: mkdir "/Volumes/users-eric-jacobson/_/data/aws/article/3c" failed: Socket is not connected (57)
*** Skipping everything below this failed directory ***
rsync: recv_generator: mkdir "/Volumes/users-eric-jacobson/_/data/aws/article/3d" failed: Socket is not connected (57)
*** Skipping everything below this failed directory ***
rsync: recv_generator: mkdir "/Volumes/users-eric-jacobson/_/data/aws/article/3e" failed: Socket is not connected (57)
*** Skipping everything below this failed directory ***
rsync: recv_generator: mkdir "/Volumes/users-eric-jacobson/_/data/aws/article/3f" failed: Socket is not connected (57)
*** Skipping everything below this failed directory ***
rsync: recv_generator: mkdir "/Volumes/users-eric-jacobson/_/data/aws/article/40" failed: Socket is not connected (57)
*** Skipping everything below this failed directory ***
rsync: recv_generator: mkdir "/Volumes/users-eric-jacobson/_/data/aws/article/41" failed: Socket is not connected (57)
*** Skipping everything below this failed directory ***
rsync: recv_generator: mkdir "/Volumes/users-eric-jacobson/_/data/aws/article/42" failed: Socket is not connected (57)
*** Skipping everything below this failed directory ***
rsync: recv_generator: mkdir "/Volumes/users-eric-jacobson/_/data/aws/article/43" failed: Socket is not connected (57)
*** Skipping everything below this failed directory ***
rsync: recv_generator: mkdir "/Volumes/users-eric-jacobson/_/data/aws/article/44" failed: Socket is not connected (57)
*** Skipping everything below this failed directory ***
rsync: recv_generator: mkdir "/Volumes/users-eric-jacobson/_/data/aws/article/45" failed: Socket is not connected (57)
*** Skipping everything below this failed directory ***
rsync: recv_generator: mkdir "/Volumes/users-eric-jacobson/_/data/aws/article/46" failed: Socket is not connected (57)
*** Skipping everything below this failed directory ***
rsync: recv_generator: mkdir "/Volumes/users-eric-jacobson/_/data/aws/article/47" failed: Socket is not connected (57)
*** Skipping everything below this failed directory ***
rsync: recv_generator: mkdir "/Volumes/users-eric-jacobson/_/data/aws/article/48" failed: Socket is not connected (57)
*** Skipping everything below this failed directory ***
rsync: recv_generator: mkdir "/Volumes/users-eric-jacobson/_/data/aws/article/49" failed: Socket is not connected (57)
*** Skipping everything below this failed directory ***
rsync: recv_generator: mkdir "/Volumes/users-eric-jacobson/_/data/aws/article/4a" failed: Socket is not connected (57)
*** Skipping everything below this failed directory ***
rsync: recv_generator: mkdir "/Volumes/users-eric-jacobson/_/data/aws/article/4b" failed: Socket is not connected (57)
*** Skipping everything below this failed directory ***
rsync: recv_generator: mkdir "/Volumes/users-eric-jacobson/_/data/aws/article/4c" failed: Socket is not connected (57)
*** Skipping everything below this failed directory ***
rsync: recv_generator: mkdir "/Volumes/users-eric-jacobson/_/data/aws/article/4d" failed: Socket is not connected (57)
*** Skipping everything below this failed directory ***
rsync: recv_generator: mkdir "/Volumes/users-eric-jacobson/_/data/aws/article/4e" failed: Socket is not connected (57)
*** Skipping everything below this failed directory ***
rsync: recv_generator: mkdir "/Volumes/users-eric-jacobson/_/data/aws/article/4f" failed: Socket is not connected (57)
*** Skipping everything below this failed directory ***
rsync: recv_generator: mkdir "/Volumes/users-eric-jacobson/_/data/aws/article/50" failed: Socket is not connected (57)
*** Skipping everything below this failed directory ***
rsync: recv_generator: mkdir "/Volumes/users-eric-jacobson/_/data/aws/article/51" failed: Socket is not connected (57)
*** Skipping everything below this failed directory ***
rsync: recv_generator: mkdir "/Volumes/users-eric-jacobson/_/data/aws/article/52" failed: Socket is not connected (57)
*** Skipping everything below this failed directory ***
rsync: recv_generator: mkdir "/Volumes/users-eric-jacobson/_/data/aws/article/53" failed: Socket is not connected (57)
*** Skipping everything below this failed directory ***
rsync: recv_generator: mkdir "/Volumes/users-eric-jacobson/_/data/aws/article/54" failed: Socket is not connected (57)
*** Skipping everything below this failed directory ***
rsync: recv_generator: mkdir "/Volumes/users-eric-jacobson/_/data/aws/article/55" failed: Socket is not connected (57)
*** Skipping everything below this failed directory ***
rsync: recv_generator: mkdir "/Volumes/users-eric-jacobson/_/data/aws/article/56" failed: Socket is not connected (57)
*** Skipping everything below this failed directory ***
rsync: recv_generator: mkdir "/Volumes/users-eric-jacobson/_/data/aws/article/57" failed: Socket is not connected (57)
*** Skipping everything below this failed directory ***
rsync: recv_generator: mkdir "/Volumes/users-eric-jacobson/_/data/aws/article/58" failed: Socket is not connected (57)
*** Skipping everything below this failed directory ***
rsync: recv_generator: mkdir "/Volumes/users-eric-jacobson/_/data/aws/article/59" failed: Socket is not connected (57)
*** Skipping everything below this failed directory ***
rsync: recv_generator: mkdir "/Volumes/users-eric-jacobson/_/data/aws/article/5a" failed: Socket is not connected (57)
*** Skipping everything below this failed directory ***
rsync: recv_generator: mkdir "/Volumes/users-eric-jacobson/_/data/aws/article/5b" failed: Socket is not connected (57)
*** Skipping everything below this failed directory ***
rsync: recv_generator: mkdir "/Volumes/users-eric-jacobson/_/data/aws/article/5c" failed: Socket is not connected (57)
*** Skipping everything below this failed directory ***
rsync: recv_generator: mkdir "/Volumes/users-eric-jacobson/_/data/aws/article/5d" failed: Socket is not connected (57)
*** Skipping everything below this failed directory ***
rsync: recv_generator: mkdir "/Volumes/users-eric-jacobson/_/data/aws/article/5e" failed: Socket is not connected (57)
*** Skipping everything below this failed directory ***
rsync: recv_generator: mkdir "/Volumes/users-eric-jacobson/_/data/aws/article/5f" failed: Socket is not connected (57)
*** Skipping everything below this failed directory ***
rsync: recv_generator: mkdir "/Volumes/users-eric-jacobson/_/data/aws/article/60" failed: Socket is not connected (57)
*** Skipping everything below this failed directory ***
rsync: recv_generator: mkdir "/Volumes/users-eric-jacobson/_/data/aws/article/61" failed: Socket is not connected (57)
*** Skipping everything below this failed directory ***
rsync: recv_generator: mkdir "/Volumes/users-eric-jacobson/_/data/aws/article/62" failed: Socket is not connected (57)
*** Skipping everything below this failed directory ***
rsync: recv_generator: mkdir "/Volumes/users-eric-jacobson/_/data/aws/article/63" failed: Socket is not connected (57)
*** Skipping everything below this failed directory ***
rsync: recv_generator: mkdir "/Volumes/users-eric-jacobson/_/data/aws/article/64" failed: Socket is not connected (57)
*** Skipping everything below this failed directory ***
rsync: recv_generator: mkdir "/Volumes/users-eric-jacobson/_/data/aws/article/65" failed: Socket is not connected (57)
*** Skipping everything below this failed directory ***
rsync: recv_generator: mkdir "/Volumes/users-eric-jacobson/_/data/aws/article/66" failed: Socket is not connected (57)
*** Skipping everything below this failed directory ***
rsync: recv_generator: mkdir "/Volumes/users-eric-jacobson/_/data/aws/article/67" failed: Socket is not connected (57)
*** Skipping everything below this failed directory ***
rsync: recv_generator: mkdir "/Volumes/users-eric-jacobson/_/data/aws/article/68" failed: Socket is not connected (57)
*** Skipping everything below this failed directory ***
rsync: recv_generator: mkdir "/Volumes/users-eric-jacobson/_/data/aws/article/69" failed: Socket is not connected (57)
*** Skipping everything below this failed directory ***
rsync: recv_generator: mkdir "/Volumes/users-eric-jacobson/_/data/aws/article/6a" failed: Socket is not connected (57)
*** Skipping everything below this failed directory ***
rsync: recv_generator: mkdir "/Volumes/users-eric-jacobson/_/data/aws/article/6b" failed: Socket is not connected (57)
*** Skipping everything below this failed directory ***
rsync: recv_generator: mkdir "/Volumes/users-eric-jacobson/_/data/aws/article/6c" failed: Socket is not connected (57)
*** Skipping everything below this failed directory ***
rsync: recv_generator: mkdir "/Volumes/users-eric-jacobson/_/data/aws/article/6d" failed: Socket is not connected (57)
*** Skipping everything below this failed directory ***
rsync: recv_generator: mkdir "/Volumes/users-eric-jacobson/_/data/aws/article/6e" failed: Socket is not connected (57)
*** Skipping everything below this failed directory ***
rsync: recv_generator: mkdir "/Volumes/users-eric-jacobson/_/data/aws/article/6f" failed: Socket is not connected (57)
*** Skipping everything below this failed directory ***
rsync: recv_generator: mkdir "/Volumes/users-eric-jacobson/_/data/aws/article/70" failed: Socket is not connected (57)
*** Skipping everything below this failed directory ***
rsync: recv_generator: mkdir "/Volumes/users-eric-jacobson/_/data/aws/article/71" failed: Socket is not connected (57)
*** Skipping everything below this failed directory ***
rsync: recv_generator: mkdir "/Volumes/users-eric-jacobson/_/data/aws/article/72" failed: Socket is not connected (57)
*** Skipping everything below this failed directory ***
rsync: recv_generator: mkdir "/Volumes/users-eric-jacobson/_/data/aws/article/73" failed: Socket is not connected (57)
*** Skipping everything below this failed directory ***
rsync: recv_generator: mkdir "/Volumes/users-eric-jacobson/_/data/aws/article/74" failed: Socket is not connected (57)
*** Skipping everything below this failed directory ***
rsync: recv_generator: mkdir "/Volumes/users-eric-jacobson/_/data/aws/article/75" failed: Socket is not connected (57)
*** Skipping everything below this failed directory ***
rsync: recv_generator: mkdir "/Volumes/users-eric-jacobson/_/data/aws/article/76" failed: Socket is not connected (57)
*** Skipping everything below this failed directory ***
rsync: recv_generator: mkdir "/Volumes/users-eric-jacobson/_/data/aws/article/77" failed: Socket is not connected (57)
*** Skipping everything below this failed directory ***
rsync: recv_generator: mkdir "/Volumes/users-eric-jacobson/_/data/aws/article/78" failed: Socket is not connected (57)
*** Skipping everything below this failed directory ***
rsync: recv_generator: mkdir "/Volumes/users-eric-jacobson/_/data/aws/article/79" failed: Socket is not connected (57)
*** Skipping everything below this failed directory ***
rsync: recv_generator: mkdir "/Volumes/users-eric-jacobson/_/data/aws/article/7a" failed: Socket is not connected (57)
*** Skipping everything below this failed directory ***
rsync: recv_generator: mkdir "/Volumes/users-eric-jacobson/_/data/aws/article/7b" failed: Socket is not connected (57)
*** Skipping everything below this failed directory ***
rsync: recv_generator: mkdir "/Volumes/users-eric-jacobson/_/data/aws/article/7c" failed: Socket is not connected (57)
*** Skipping everything below this failed directory ***
rsync: recv_generator: mkdir "/Volumes/users-eric-jacobson/_/data/aws/article/7d" failed: Socket is not connected (57)
*** Skipping everything below this failed directory ***
rsync: recv_generator: mkdir "/Volumes/users-eric-jacobson/_/data/aws/article/7e" failed: Socket is not connected (57)
*** Skipping everything below this failed directory ***
rsync: recv_generator: mkdir "/Volumes/users-eric-jacobson/_/data/aws/article/7f" failed: Socket is not connected (57)
*** Skipping everything below this failed directory ***
rsync: recv_generator: mkdir "/Volumes/users-eric-jacobson/_/data/aws/article/80" failed: Socket is not connected (57)
*** Skipping everything below this failed directory ***
rsync: recv_generator: mkdir "/Volumes/users-eric-jacobson/_/data/aws/article/81" failed: Socket is not connected (57)
*** Skipping everything below this failed directory ***
rsync: recv_generator: mkdir "/Volumes/users-eric-jacobson/_/data/aws/article/82" failed: Socket is not connected (57)
*** Skipping everything below this failed directory ***
rsync: recv_generator: mkdir "/Volumes/users-eric-jacobson/_/data/aws/article/83" failed: Socket is not connected (57)
*** Skipping everything below this failed directory ***
rsync: recv_generator: mkdir "/Volumes/users-eric-jacobson/_/data/aws/article/84" failed: Socket is not connected (57)
*** Skipping everything below this failed directory ***
rsync: recv_generator: mkdir "/Volumes/users-eric-jacobson/_/data/aws/article/85" failed: Socket is not connected (57)
*** Skipping everything below this failed directory ***
rsync: recv_generator: mkdir "/Volumes/users-eric-jacobson/_/data/aws/article/86" failed: Socket is not connected (57)
*** Skipping everything below this failed directory ***
rsync: recv_generator: mkdir "/Volumes/users-eric-jacobson/_/data/aws/article/87" failed: Socket is not connected (57)
*** Skipping everything below this failed directory ***
rsync: recv_generator: mkdir "/Volumes/users-eric-jacobson/_/data/aws/article/88" failed: Socket is not connected (57)
*** Skipping everything below this failed directory ***
rsync: recv_generator: mkdir "/Volumes/users-eric-jacobson/_/data/aws/article/89" failed: Socket is not connected (57)
*** Skipping everything below this failed directory ***
rsync: recv_generator: mkdir "/Volumes/users-eric-jacobson/_/data/aws/article/8a" failed: Socket is not connected (57)
*** Skipping everything below this failed directory ***
rsync: recv_generator: mkdir "/Volumes/users-eric-jacobson/_/data/aws/article/8b" failed: Socket is not connected (57)
*** Skipping everything below this failed directory ***
rsync: recv_generator: mkdir "/Volumes/users-eric-jacobson/_/data/aws/article/8c" failed: Socket is not connected (57)
*** Skipping everything below this failed directory ***
rsync: recv_generator: mkdir "/Volumes/users-eric-jacobson/_/data/aws/article/8d" failed: Socket is not connected (57)
*** Skipping everything below this failed directory ***
rsync: recv_generator: mkdir "/Volumes/users-eric-jacobson/_/data/aws/article/8e" failed: Socket is not connected (57)
*** Skipping everything below this failed directory ***
rsync: recv_generator: mkdir "/Volumes/users-eric-jacobson/_/data/aws/article/8f" failed: Socket is not connected (57)
*** Skipping everything below this failed directory ***
rsync: recv_generator: mkdir "/Volumes/users-eric-jacobson/_/data/aws/article/90" failed: Socket is not connected (57)
*** Skipping everything below this failed directory ***
rsync: recv_generator: mkdir "/Volumes/users-eric-jacobson/_/data/aws/article/91" failed: Socket is not connected (57)
*** Skipping everything below this failed directory ***
rsync: recv_generator: mkdir "/Volumes/users-eric-jacobson/_/data/aws/article/92" failed: Socket is not connected (57)
*** Skipping everything below this failed directory ***
rsync: recv_generator: mkdir "/Volumes/users-eric-jacobson/_/data/aws/article/93" failed: Socket is not connected (57)
*** Skipping everything below this failed directory ***
rsync: recv_generator: mkdir "/Volumes/users-eric-jacobson/_/data/aws/article/94" failed: Socket is not connected (57)
*** Skipping everything below this failed directory ***
rsync: recv_generator: mkdir "/Volumes/users-eric-jacobson/_/data/aws/article/95" failed: Socket is not connected (57)
*** Skipping everything below this failed directory ***
rsync: recv_generator: mkdir "/Volumes/users-eric-jacobson/_/data/aws/article/96" failed: Socket is not connected (57)
*** Skipping everything below this failed directory ***
rsync: recv_generator: mkdir "/Volumes/users-eric-jacobson/_/data/aws/article/97" failed: Socket is not connected (57)
*** Skipping everything below this failed directory ***
rsync: recv_generator: mkdir "/Volumes/users-eric-jacobson/_/data/aws/article/98" failed: Socket is not connected (57)
*** Skipping everything below this failed directory ***
rsync: recv_generator: mkdir "/Volumes/users-eric-jacobson/_/data/aws/article/99" failed: Socket is not connected (57)
*** Skipping everything below this failed directory ***
rsync: recv_generator: mkdir "/Volumes/users-eric-jacobson/_/data/aws/article/9a" failed: Socket is not connected (57)
*** Skipping everything below this failed directory ***
rsync: recv_generator: mkdir "/Volumes/users-eric-jacobson/_/data/aws/article/9b" failed: Socket is not connected (57)
*** Skipping everything below this failed directory ***
rsync: recv_generator: mkdir "/Volumes/users-eric-jacobson/_/data/aws/article/9c" failed: Socket is not connected (57)
*** Skipping everything below this failed directory ***
rsync: recv_generator: mkdir "/Volumes/users-eric-jacobson/_/data/aws/article/9d" failed: Socket is not connected (57)
*** Skipping everything below this failed directory ***
rsync: recv_generator: mkdir "/Volumes/users-eric-jacobson/_/data/aws/article/9e" failed: Socket is not connected (57)
*** Skipping everything below this failed directory ***
rsync: recv_generator: mkdir "/Volumes/users-eric-jacobson/_/data/aws/article/9f" failed: Socket is not connected (57)
*** Skipping everything below this failed directory ***
rsync: recv_generator: mkdir "/Volumes/users-eric-jacobson/_/data/aws/article/a0" failed: Socket is not connected (57)
*** Skipping everything below this failed directory ***
rsync: recv_generator: mkdir "/Volumes/users-eric-jacobson/_/data/aws/article/a1" failed: Socket is not connected (57)
*** Skipping everything below this failed directory ***
rsync: recv_generator: mkdir "/Volumes/users-eric-jacobson/_/data/aws/article/a2" failed: Socket is not connected (57)
*** Skipping everything below this failed directory ***
rsync: recv_generator: mkdir "/Volumes/users-eric-jacobson/_/data/aws/article/a3" failed: Socket is not connected (57)
*** Skipping everything below this failed directory ***
rsync: recv_generator: mkdir "/Volumes/users-eric-jacobson/_/data/aws/article/a4" failed: Socket is not connected (57)
*** Skipping everything below this failed directory ***
rsync: recv_generator: mkdir "/Volumes/users-eric-jacobson/_/data/aws/article/a5" failed: Socket is not connected (57)
*** Skipping everything below this failed directory ***
rsync: recv_generator: mkdir "/Volumes/users-eric-jacobson/_/data/aws/article/a6" failed: Socket is not connected (57)
*** Skipping everything below this failed directory ***
rsync: recv_generator: mkdir "/Volumes/users-eric-jacobson/_/data/aws/article/a7" failed: Socket is not connected (57)
*** Skipping everything below this failed directory ***
rsync: recv_generator: mkdir "/Volumes/users-eric-jacobson/_/data/aws/article/a8" failed: Socket is not connected (57)
*** Skipping everything below this failed directory ***
rsync: recv_generator: mkdir "/Volumes/users-eric-jacobson/_/data/aws/article/a9" failed: Socket is not connected (57)
*** Skipping everything below this failed directory ***
rsync: recv_generator: mkdir "/Volumes/users-eric-jacobson/_/data/aws/article/aa" failed: Socket is not connected (57)
*** Skipping everything below this failed directory ***
rsync: recv_generator: mkdir "/Volumes/users-eric-jacobson/_/data/aws/article/ab" failed: Socket is not connected (57)
*** Skipping everything below this failed directory ***
rsync: recv_generator: mkdir "/Volumes/users-eric-jacobson/_/data/aws/article/ac" failed: Socket is not connected (57)
*** Skipping everything below this failed directory ***
rsync: recv_generator: mkdir "/Volumes/users-eric-jacobson/_/data/aws/article/ad" failed: Socket is not connected (57)
*** Skipping everything below this failed directory ***
rsync: recv_generator: mkdir "/Volumes/users-eric-jacobson/_/data/aws/article/ae" failed: Socket is not connected (57)
*** Skipping everything below this failed directory ***
rsync: recv_generator: mkdir "/Volumes/users-eric-jacobson/_/data/aws/article/af" failed: Socket is not connected (57)
*** Skipping everything below this failed directory ***
rsync: recv_generator: mkdir "/Volumes/users-eric-jacobson/_/data/aws/article/b0" failed: Socket is not connected (57)
*** Skipping everything below this failed directory ***
rsync: recv_generator: mkdir "/Volumes/users-eric-jacobson/_/data/aws/article/b1" failed: Socket is not connected (57)
*** Skipping everything below this failed directory ***
rsync: recv_generator: mkdir "/Volumes/users-eric-jacobson/_/data/aws/article/b2" failed: Socket is not connected (57)
*** Skipping everything below this failed directory ***
rsync: recv_generator: mkdir "/Volumes/users-eric-jacobson/_/data/aws/article/b3" failed: Socket is not connected (57)
*** Skipping everything below this failed directory ***
rsync: recv_generator: mkdir "/Volumes/users-eric-jacobson/_/data/aws/article/b4" failed: Socket is not connected (57)
*** Skipping everything below this failed directory ***
rsync: recv_generator: mkdir "/Volumes/users-eric-jacobson/_/data/aws/article/b5" failed: Socket is not connected (57)
*** Skipping everything below this failed directory ***
rsync: recv_generator: mkdir "/Volumes/users-eric-jacobson/_/data/aws/article/b6" failed: Socket is not connected (57)
*** Skipping everything below this failed directory ***
rsync: recv_generator: mkdir "/Volumes/users-eric-jacobson/_/data/aws/article/b7" failed: Socket is not connected (57)
*** Skipping everything below this failed directory ***
rsync: recv_generator: mkdir "/Volumes/users-eric-jacobson/_/data/aws/article/b8" failed: Socket is not connected (57)
*** Skipping everything below this failed directory ***
rsync: recv_generator: mkdir "/Volumes/users-eric-jacobson/_/data/aws/article/b9" failed: Socket is not connected (57)
*** Skipping everything below this failed directory ***
rsync: recv_generator: mkdir "/Volumes/users-eric-jacobson/_/data/aws/article/ba" failed: Socket is not connected (57)
*** Skipping everything below this failed directory ***
rsync: recv_generator: mkdir "/Volumes/users-eric-jacobson/_/data/aws/article/bb" failed: Socket is not connected (57)
*** Skipping everything below this failed directory ***
rsync: recv_generator: mkdir "/Volumes/users-eric-jacobson/_/data/aws/article/bc" failed: Socket is not connected (57)
*** Skipping everything below this failed directory ***
rsync: recv_generator: mkdir "/Volumes/users-eric-jacobson/_/data/aws/article/bd" failed: Socket is not connected (57)
*** Skipping everything below this failed directory ***
rsync: recv_generator: mkdir "/Volumes/users-eric-jacobson/_/data/aws/article/be" failed: Socket is not connected (57)
*** Skipping everything below this failed directory ***
rsync: recv_generator: mkdir "/Volumes/users-eric-jacobson/_/data/aws/article/bf" failed: Socket is not connected (57)
*** Skipping everything below this failed directory ***
rsync: recv_generator: mkdir "/Volumes/users-eric-jacobson/_/data/aws/article/c0" failed: Socket is not connected (57)
*** Skipping everything below this failed directory ***
rsync: recv_generator: mkdir "/Volumes/users-eric-jacobson/_/data/aws/article/c1" failed: Socket is not connected (57)
*** Skipping everything below this failed directory ***
rsync: recv_generator: mkdir "/Volumes/users-eric-jacobson/_/data/aws/article/c2" failed: Socket is not connected (57)
*** Skipping everything below this failed directory ***
rsync: recv_generator: mkdir "/Volumes/users-eric-jacobson/_/data/aws/article/c3" failed: Socket is not connected (57)
*** Skipping everything below this failed directory ***
rsync: recv_generator: mkdir "/Volumes/users-eric-jacobson/_/data/aws/article/c4" failed: Socket is not connected (57)
*** Skipping everything below this failed directory ***
rsync: recv_generator: mkdir "/Volumes/users-eric-jacobson/_/data/aws/article/c5" failed: Socket is not connected (57)
*** Skipping everything below this failed directory ***
rsync: recv_generator: mkdir "/Volumes/users-eric-jacobson/_/data/aws/article/c6" failed: Socket is not connected (57)
*** Skipping everything below this failed directory ***
rsync: recv_generator: mkdir "/Volumes/users-eric-jacobson/_/data/aws/article/c7" failed: Socket is not connected (57)
*** Skipping everything below this failed directory ***
rsync: recv_generator: mkdir "/Volumes/users-eric-jacobson/_/data/aws/article/c8" failed: Socket is not connected (57)
*** Skipping everything below this failed directory ***
rsync: recv_generator: mkdir "/Volumes/users-eric-jacobson/_/data/aws/article/c9" failed: Socket is not connected (57)
*** Skipping everything below this failed directory ***
rsync: recv_generator: mkdir "/Volumes/users-eric-jacobson/_/data/aws/article/ca" failed: Socket is not connected (57)
*** Skipping everything below this failed directory ***
rsync: recv_generator: mkdir "/Volumes/users-eric-jacobson/_/data/aws/article/cb" failed: Socket is not connected (57)
*** Skipping everything below this failed directory ***
rsync: recv_generator: mkdir "/Volumes/users-eric-jacobson/_/data/aws/article/cc" failed: Socket is not connected (57)
*** Skipping everything below this failed directory ***
rsync: recv_generator: mkdir "/Volumes/users-eric-jacobson/_/data/aws/article/cd" failed: Socket is not connected (57)
*** Skipping everything below this failed directory ***
rsync: recv_generator: mkdir "/Volumes/users-eric-jacobson/_/data/aws/article/ce" failed: Socket is not connected (57)
*** Skipping everything below this failed directory ***
rsync: recv_generator: mkdir "/Volumes/users-eric-jacobson/_/data/aws/article/cf" failed: Socket is not connected (57)
*** Skipping everything below this failed directory ***
rsync: recv_generator: mkdir "/Volumes/users-eric-jacobson/_/data/aws/article/d0" failed: Socket is not connected (57)
*** Skipping everything below this failed directory ***
rsync: recv_generator: mkdir "/Volumes/users-eric-jacobson/_/data/aws/article/d1" failed: Socket is not connected (57)
*** Skipping everything below this failed directory ***
rsync: recv_generator: mkdir "/Volumes/users-eric-jacobson/_/data/aws/article/d2" failed: Socket is not connected (57)
*** Skipping everything below this failed directory ***
rsync: recv_generator: mkdir "/Volumes/users-eric-jacobson/_/data/aws/article/d3" failed: Socket is not connected (57)
*** Skipping everything below this failed directory ***
rsync: recv_generator: mkdir "/Volumes/users-eric-jacobson/_/data/aws/article/d4" failed: Socket is not connected (57)
*** Skipping everything below this failed directory ***
rsync: recv_generator: mkdir "/Volumes/users-eric-jacobson/_/data/aws/article/d5" failed: Socket is not connected (57)
*** Skipping everything below this failed directory ***
rsync: recv_generator: mkdir "/Volumes/users-eric-jacobson/_/data/aws/article/d6" failed: Socket is not connected (57)
*** Skipping everything below this failed directory ***
rsync: recv_generator: mkdir "/Volumes/users-eric-jacobson/_/data/aws/article/d7" failed: Socket is not connected (57)
*** Skipping everything below this failed directory ***
rsync: recv_generator: mkdir "/Volumes/users-eric-jacobson/_/data/aws/article/d8" failed: Socket is not connected (57)
*** Skipping everything below this failed directory ***
rsync: recv_generator: mkdir "/Volumes/users-eric-jacobson/_/data/aws/article/d9" failed: Socket is not connected (57)
*** Skipping everything below this failed directory ***
rsync: recv_generator: mkdir "/Volumes/users-eric-jacobson/_/data/aws/article/da" failed: Socket is not connected (57)
*** Skipping everything below this failed directory ***
rsync: recv_generator: mkdir "/Volumes/users-eric-jacobson/_/data/aws/article/db" failed: Socket is not connected (57)
*** Skipping everything below this failed directory ***
rsync: recv_generator: mkdir "/Volumes/users-eric-jacobson/_/data/aws/article/dc" failed: Socket is not connected (57)
*** Skipping everything below this failed directory ***
rsync: recv_generator: mkdir "/Volumes/users-eric-jacobson/_/data/aws/article/dd" failed: Socket is not connected (57)
*** Skipping everything below this failed directory ***
rsync: recv_generator: mkdir "/Volumes/users-eric-jacobson/_/data/aws/article/de" failed: Socket is not connected (57)
*** Skipping everything below this failed directory ***
rsync: recv_generator: mkdir "/Volumes/users-eric-jacobson/_/data/aws/article/df" failed: Socket is not connected (57)
*** Skipping everything below this failed directory ***
rsync: recv_generator: mkdir "/Volumes/users-eric-jacobson/_/data/aws/article/e0" failed: Socket is not connected (57)
*** Skipping everything below this failed directory ***
rsync: recv_generator: mkdir "/Volumes/users-eric-jacobson/_/data/aws/article/e1" failed: Socket is not connected (57)
*** Skipping everything below this failed directory ***
rsync: recv_generator: mkdir "/Volumes/users-eric-jacobson/_/data/aws/article/e2" failed: Socket is not connected (57)
*** Skipping everything below this failed directory ***
rsync: recv_generator: mkdir "/Volumes/users-eric-jacobson/_/data/aws/article/e3" failed: Socket is not connected (57)
*** Skipping everything below this failed directory ***
rsync: recv_generator: mkdir "/Volumes/users-eric-jacobson/_/data/aws/article/e4" failed: Socket is not connected (57)
*** Skipping everything below this failed directory ***
rsync: recv_generator: mkdir "/Volumes/users-eric-jacobson/_/data/aws/article/e5" failed: Socket is not connected (57)
*** Skipping everything below this failed directory ***
rsync: recv_generator: mkdir "/Volumes/users-eric-jacobson/_/data/aws/article/e6" failed: Socket is not connected (57)
*** Skipping everything below this failed directory ***
rsync: recv_generator: mkdir "/Volumes/users-eric-jacobson/_/data/aws/article/e7" failed: Socket is not connected (57)
*** Skipping everything below this failed directory ***
rsync: recv_generator: mkdir "/Volumes/users-eric-jacobson/_/data/aws/article/e8" failed: Socket is not connected (57)
*** Skipping everything below this failed directory ***
rsync: recv_generator: mkdir "/Volumes/users-eric-jacobson/_/data/aws/article/e9" failed: Socket is not connected (57)
*** Skipping everything below this failed directory ***
rsync: recv_generator: mkdir "/Volumes/users-eric-jacobson/_/data/aws/article/ea" failed: Socket is not connected (57)
*** Skipping everything below this failed directory ***
rsync: recv_generator: mkdir "/Volumes/users-eric-jacobson/_/data/aws/article/eb" failed: Socket is not connected (57)
*** Skipping everything below this failed directory ***
rsync: recv_generator: mkdir "/Volumes/users-eric-jacobson/_/data/aws/article/ec" failed: Socket is not connected (57)
*** Skipping everything below this failed directory ***
rsync: recv_generator: mkdir "/Volumes/users-eric-jacobson/_/data/aws/article/ed" failed: Socket is not connected (57)
*** Skipping everything below this failed directory ***
rsync: recv_generator: mkdir "/Volumes/users-eric-jacobson/_/data/aws/article/ee" failed: Socket is not connected (57)
*** Skipping everything below this failed directory ***
rsync: recv_generator: mkdir "/Volumes/users-eric-jacobson/_/data/aws/article/ef" failed: Socket is not connected (57)
*** Skipping everything below this failed directory ***
rsync: recv_generator: mkdir "/Volumes/users-eric-jacobson/_/data/aws/article/f0" failed: Socket is not connected (57)
*** Skipping everything below this failed directory ***
rsync: recv_generator: mkdir "/Volumes/users-eric-jacobson/_/data/aws/article/f1" failed: Socket is not connected (57)
*** Skipping everything below this failed directory ***
rsync: recv_generator: mkdir "/Volumes/users-eric-jacobson/_/data/aws/article/f2" failed: Socket is not connected (57)
*** Skipping everything below this failed directory ***
rsync: recv_generator: mkdir "/Volumes/users-eric-jacobson/_/data/aws/article/f3" failed: Socket is not connected (57)
*** Skipping everything below this failed directory ***
rsync: recv_generator: mkdir "/Volumes/users-eric-jacobson/_/data/aws/article/f4" failed: Socket is not connected (57)
*** Skipping everything below this failed directory ***
rsync: recv_generator: mkdir "/Volumes/users-eric-jacobson/_/data/aws/article/f5" failed: Socket is not connected (57)
*** Skipping everything below this failed directory ***
rsync: recv_generator: mkdir "/Volumes/users-eric-jacobson/_/data/aws/article/f6" failed: Socket is not connected (57)
*** Skipping everything below this failed directory ***
rsync: recv_generator: mkdir "/Volumes/users-eric-jacobson/_/data/aws/article/f7" failed: Socket is not connected (57)
*** Skipping everything below this failed directory ***
rsync: recv_generator: mkdir "/Volumes/users-eric-jacobson/_/data/aws/article/f8" failed: Socket is not connected (57)
*** Skipping everything below this failed directory ***
rsync: recv_generator: mkdir "/Volumes/users-eric-jacobson/_/data/aws/article/f9" failed: Socket is not connected (57)
*** Skipping everything below this failed directory ***
rsync: recv_generator: mkdir "/Volumes/users-eric-jacobson/_/data/aws/article/fa" failed: Socket is not connected (57)
*** Skipping everything below this failed directory ***
rsync: recv_generator: mkdir "/Volumes/users-eric-jacobson/_/data/aws/article/fb" failed: Socket is not connected (57)
*** Skipping everything below this failed directory ***
rsync: recv_generator: mkdir "/Volumes/users-eric-jacobson/_/data/aws/article/fc" failed: Socket is not connected (57)
*** Skipping everything below this failed directory ***
rsync: recv_generator: mkdir "/Volumes/users-eric-jacobson/_/data/aws/article/fd" failed: Socket is not connected (57)
*** Skipping everything below this failed directory ***
rsync: recv_generator: mkdir "/Volumes/users-eric-jacobson/_/data/aws/article/fe" failed: Socket is not connected (57)
*** Skipping everything below this failed directory ***
rsync: recv_generator: mkdir "/Volumes/users-eric-jacobson/_/data/aws/article/ff" failed: Socket is not connected (57)
*** Skipping everything below this failed directory ***
rsync: recv_generator: mkdir "/Volumes/users-eric-jacobson/_/dev" failed: Socket is not connected (57)
*** Skipping everything below this failed directory ***
rsync: recv_generator: mkdir "/Volumes/users-eric-jacobson/_/projects" failed: Socket is not connected (57)
*** Skipping everything below this failed directory ***
rsync: recv_generator: mkdir "/Volumes/users-eric-jacobson/_/scratch" failed: Socket is not connected (57)
*** Skipping everything below this failed directory ***
rsync error: some files could not be transferred (code 23) at /AppleInternal/Library/BuildRoots/d9889869-120b-11ee-b796-7a03568b17ac/Library/Caches/com.apple.xbs/Sources/rsync/rsync/main.c(996) [sender=2.6.9]
rsync: readlink "/Volumes/users-eric-jacobson/_/dev/git/tmz-apps/meta/.git/objects/65/8c933d28255e8c716899789e8c0f846e5dc125" failed: Socket is not connected (57)
rsync: readlink "/Volumes/users-eric-jacobson/_/dev/git/tmz-apps/meta/.git/objects/65/91d8b98aea223905ae31adfa71377d78a39465" failed: Socket is not connected (57)
rsync: recv_generator: mkdir "/Volumes/users-eric-jacobson/_/." failed: Socket is not connected (57)
*** Skipping everything below this failed directory ***
rsync error: some files could not be transferred (code 23) at /AppleInternal/Library/BuildRoots/d9889869-120b-11ee-b796-7a03568b17ac/Library/Caches/com.apple.xbs/Sources/rsync/rsync/main.c(996) [sender=2.6.9]
rsync: readdir("/Volumes/users-eric-jacobson/_/data/aws/article/47/7a"): Socket is not connected (57)
rsync: recv_generator: mkdir "/Volumes/users-eric-jacobson/_/." failed: Socket is not connected (57)
*** Skipping everything below this failed directory ***
rsync error: some files could not be transferred (code 23) at /AppleInternal/Library/BuildRoots/d9889869-120b-11ee-b796-7a03568b17ac/Library/Caches/com.apple.xbs/Sources/rsync/rsync/main.c(996) [sender=2.6.9]
rsync: readdir("/Volumes/users-eric-jacobson/_/data/aws/article/a4/53"): RPC struct is bad (72)
rsync error: some files could not be transferred (code 23) at /AppleInternal/Library/BuildRoots/d9889869-120b-11ee-b796-7a03568b17ac/Library/Caches/com.apple.xbs/Sources/rsync/rsync/main.c(996) [sender=2.6.9]
